\BOOKMARK [0][-]{chapter.1}{\376\377\0001\000\040\000M\000a\000i\000n}{}% 1
\BOOKMARK [0][-]{chapter.2}{\376\377\0002\000\040\000M\000e\000n\000u\000\040\000H\000a\000n\000d\000l\000e\000r}{}% 2
\BOOKMARK [0][-]{chapter.3}{\376\377\0003\000\040\000M\000C\000U\000\047\000s\000\040\000P\000O\000R\000T\000s\000\040\000a\000n\000d\000\040\000P\000I\000N\000s}{}% 3
\BOOKMARK [0][-]{chapter.4}{\376\377\0004\000\040\000S\000e\000r\000i\000a\000l\000\040\000G\000L\000C\000D\000\040\000A\000D\000M\0001\0002\0008\0006\0004\000H}{}% 4
\BOOKMARK [0][-]{chapter.5}{\376\377\0005\000\040\000M\000C\000U\000\047\000s\000\040\000U\000S\000A\000R\000T}{}% 5
\BOOKMARK [0][-]{chapter.6}{\376\377\0006\000\040\000D\000a\000t\000a\000\040\000S\000t\000r\000u\000c\000t\000u\000r\000e\000\040\000I\000n\000d\000e\000x}{}% 6
\BOOKMARK [1][-]{section.6.1}{\376\377\0006\000.\0001\000\040\000D\000a\000t\000a\000\040\000S\000t\000r\000u\000c\000t\000u\000r\000e\000s}{chapter.6}% 7
\BOOKMARK [0][-]{chapter.7}{\376\377\0007\000\040\000F\000i\000l\000e\000\040\000I\000n\000d\000e\000x}{}% 8
\BOOKMARK [1][-]{section.7.1}{\376\377\0007\000.\0001\000\040\000F\000i\000l\000e\000\040\000L\000i\000s\000t}{chapter.7}% 9
\BOOKMARK [0][-]{chapter.8}{\376\377\0008\000\040\000D\000a\000t\000a\000\040\000S\000t\000r\000u\000c\000t\000u\000r\000e\000\040\000D\000o\000c\000u\000m\000e\000n\000t\000a\000t\000i\000o\000n}{}% 10
\BOOKMARK [1][-]{section.8.1}{\376\377\0008\000.\0001\000\040\000M\000e\000n\000u\000S\000t\000r\000u\000c\000t\000u\000r\000e\000\040\000S\000t\000r\000u\000c\000t\000\040\000R\000e\000f\000e\000r\000e\000n\000c\000e}{chapter.8}% 11
\BOOKMARK [2][-]{subsection.8.1.1}{\376\377\0008\000.\0001\000.\0001\000\040\000D\000e\000t\000a\000i\000l\000e\000d\000\040\000D\000e\000s\000c\000r\000i\000p\000t\000i\000o\000n}{section.8.1}% 12
\BOOKMARK [2][-]{subsection.8.1.2}{\376\377\0008\000.\0001\000.\0002\000\040\000F\000i\000e\000l\000d\000\040\000D\000o\000c\000u\000m\000e\000n\000t\000a\000t\000i\000o\000n}{section.8.1}% 13
\BOOKMARK [3][-]{subsubsection.8.1.2.1}{\376\377\0008\000.\0001\000.\0002\000.\0001\000\040\000d\000o\000w\000n}{subsection.8.1.2}% 14
\BOOKMARK [3][-]{subsubsection.8.1.2.2}{\376\377\0008\000.\0001\000.\0002\000.\0002\000\040\000e\000n\000t\000e\000r}{subsection.8.1.2}% 15
\BOOKMARK [3][-]{subsubsection.8.1.2.3}{\376\377\0008\000.\0001\000.\0002\000.\0003\000\040\000f\000p}{subsection.8.1.2}% 16
\BOOKMARK [3][-]{subsubsection.8.1.2.4}{\376\377\0008\000.\0001\000.\0002\000.\0004\000\040\000n\000u\000m\000\137\000m\000e\000n\000u\000p\000o\000i\000n\000t\000s}{subsection.8.1.2}% 17
\BOOKMARK [3][-]{subsubsection.8.1.2.5}{\376\377\0008\000.\0001\000.\0002\000.\0005\000\040\000t\000e\000x\000t}{subsection.8.1.2}% 18
\BOOKMARK [3][-]{subsubsection.8.1.2.6}{\376\377\0008\000.\0001\000.\0002\000.\0006\000\040\000u\000p}{subsection.8.1.2}% 19
\BOOKMARK [0][-]{chapter.9}{\376\377\0009\000\040\000F\000i\000l\000e\000\040\000D\000o\000c\000u\000m\000e\000n\000t\000a\000t\000i\000o\000n}{}% 20
\BOOKMARK [1][-]{section.9.1}{\376\377\0009\000.\0001\000\040\000c\000h\000a\000r\000M\000e\000n\000u\000.\000c\000\040\000F\000i\000l\000e\000\040\000R\000e\000f\000e\000r\000e\000n\000c\000e}{chapter.9}% 21
